mode: set
final-project/internal/tosser/processing_cache.go:11.51,15.2 3 0
final-project/internal/tosser/processing_cache.go:16.51,20.2 3 0
final-project/internal/tosser/processing_cache.go:21.58,26.2 4 0
final-project/internal/tosser/processing_cache.go:29.44,33.2 3 1
final-project/internal/tosser/tosser.go:42.47,46.6 3 0
final-project/internal/tosser/tosser.go:46.6,48.14 2 0
final-project/internal/tosser/tosser.go:49.21,52.10 2 0
final-project/internal/tosser/tosser.go:57.56,58.43 1 0
final-project/internal/tosser/tosser.go:62.2,62.6 1 0
final-project/internal/tosser/tosser.go:58.43,61.3 2 0
final-project/internal/tosser/tosser.go:62.6,63.10 1 0
final-project/internal/tosser/tosser.go:69.3,70.17 2 0
final-project/internal/tosser/tosser.go:64.21,65.43 1 0
final-project/internal/tosser/tosser.go:66.70,67.26 1 0
final-project/internal/tosser/tosser.go:70.17,71.29 1 0
final-project/internal/tosser/tosser.go:71.29,73.5 1 0
final-project/internal/tosser/tosser.go:74.9,78.4 3 0
final-project/internal/tosser/tosser.go:82.41,84.16 2 0
final-project/internal/tosser/tosser.go:87.2,88.16 2 0
final-project/internal/tosser/tosser.go:92.2,92.60 1 0
final-project/internal/tosser/tosser.go:96.2,96.34 1 0
final-project/internal/tosser/tosser.go:99.2,101.16 3 0
final-project/internal/tosser/tosser.go:106.2,107.16 2 0
final-project/internal/tosser/tosser.go:112.2,115.28 4 0
final-project/internal/tosser/tosser.go:84.16,86.3 1 0
final-project/internal/tosser/tosser.go:88.16,90.3 1 0
final-project/internal/tosser/tosser.go:92.60,94.3 1 0
final-project/internal/tosser/tosser.go:96.34,98.3 1 0
final-project/internal/tosser/tosser.go:101.16,104.3 2 0
final-project/internal/tosser/tosser.go:107.16,110.3 2 0
final-project/internal/tosser/tosser.go:118.109,119.32 1 0
final-project/internal/tosser/tosser.go:119.32,121.31 1 0
final-project/internal/tosser/tosser.go:124.3,126.40 3 0
final-project/internal/tosser/tosser.go:130.3,131.82 2 0
final-project/internal/tosser/tosser.go:121.31,122.12 1 0
final-project/internal/tosser/tosser.go:126.40,128.4 1 0
final-project/internal/tosser/tosser.go:135.114,136.32 1 0
final-project/internal/tosser/tosser.go:136.32,138.31 1 0
final-project/internal/tosser/tosser.go:141.3,143.40 3 0
final-project/internal/tosser/tosser.go:146.3,146.97 1 0
final-project/internal/tosser/tosser.go:138.31,139.12 1 0
final-project/internal/tosser/tosser.go:143.40,145.4 1 0
final-project/internal/tosser/tosser.go:150.51,153.16 3 1
final-project/internal/tosser/tosser.go:157.2,157.21 1 1
final-project/internal/tosser/tosser.go:153.16,156.3 1 0
final-project/internal/tosser/tosser.go:159.20,160.35 1 0
final-project/internal/tosser/tosser.go:160.35,162.17 2 0
final-project/internal/tosser/tosser.go:166.3,167.53 2 0
final-project/internal/tosser/tosser.go:171.3,171.65 1 0
final-project/internal/tosser/tosser.go:175.3,177.39 3 0
final-project/internal/tosser/tosser.go:162.17,164.12 2 0
final-project/internal/tosser/tosser.go:167.53,169.12 2 0
final-project/internal/tosser/tosser.go:171.65,173.12 2 0
final-project/internal/tosser/tosser.go:181.49,182.44 1 0
final-project/internal/tosser/tosser.go:182.44,184.17 2 0
final-project/internal/tosser/tosser.go:188.3,189.17 2 0
final-project/internal/tosser/tosser.go:193.3,193.58 1 0
final-project/internal/tosser/tosser.go:184.17,186.12 2 0
final-project/internal/tosser/tosser.go:189.17,191.12 2 0
final-project/internal/tosser/tosser.go:193.58,194.47 1 0
final-project/internal/tosser/tosser.go:197.4,197.102 1 0
final-project/internal/tosser/tosser.go:194.47,196.5 1 0
final-project/internal/tosser/tosser.go:203.51,205.16 2 1
final-project/internal/tosser/tosser.go:208.2,210.16 3 1
final-project/internal/tosser/tosser.go:214.2,215.16 2 1
final-project/internal/tosser/tosser.go:219.2,219.46 1 1
final-project/internal/tosser/tosser.go:222.2,222.16 1 1
final-project/internal/tosser/tosser.go:225.2,226.16 2 1
final-project/internal/tosser/tosser.go:229.2,229.12 1 1
final-project/internal/tosser/tosser.go:205.16,207.3 1 0
final-project/internal/tosser/tosser.go:210.16,213.3 2 0
final-project/internal/tosser/tosser.go:215.16,218.3 2 0
final-project/internal/tosser/tosser.go:219.46,221.3 1 1
final-project/internal/tosser/tosser.go:222.16,224.3 1 0
final-project/internal/tosser/tosser.go:226.16,228.3 1 1
final-project/internal/tosser/tosser.go:232.44,233.42 1 1
final-project/internal/tosser/tosser.go:236.2,236.12 1 1
final-project/internal/tosser/tosser.go:233.42,235.3 1 0
final-project/internal/tosser/tosser.go:241.44,251.2 9 1
final-project/internal/tosser/tosser.go:252.71,257.20 5 1
final-project/internal/tosser/tosser.go:262.2,263.8 2 1
final-project/internal/tosser/tosser.go:257.20,259.3 1 1
final-project/internal/tosser/tosser.go:259.8,261.3 1 1
